{"C:\\Users\\fedib\\Documents\\projet-cv\\vue3-ui-kit\\src\\components\\Alert\\Alert.vue": {"path":"C:\\Users\\fedib\\Documents\\projet-cv\\vue3-ui-kit\\src\\components\\Alert\\Alert.vue","statementMap":{"0":{"start":{"line":8,"column":14},"end":{"line":8,"column":null}},"1":{"start":{"line":13,"column":13},"end":{"line":13,"column":null}},"2":{"start":{"line":17,"column":14},"end":{"line":22,"column":null}},"3":{"start":{"line":27,"column":9},"end":{"line":27,"column":32}},"4":{"start":{"line":28,"column":9},"end":{"line":28,"column":null}},"5":{"start":{"line":30,"column":11},"end":{"line":30,"column":null}},"6":{"start":{"line":37,"column":14},"end":{"line":37,"column":null}}},"fnMap":{"0":{"name":"(anonymous_0)","decl":{"start":{"line":37,"column":12},"end":{"line":37,"column":14}},"loc":{"start":{"line":37,"column":14},"end":{"line":37,"column":null}},"line":37}},"branchMap":{"0":{"loc":{"start":{"line":29,"column":17},"end":{"line":29,"column":62}},"type":"cond-expr","locations":[{"start":{"line":29,"column":17},"end":{"line":29,"column":62}},{"start":{"line":29,"column":53},"end":{"line":29,"column":62}}],"line":29},"1":{"loc":{"start":{"line":35,"column":12},"end":{"line":41,"column":13}},"type":"cond-expr","locations":[{"start":{"line":35,"column":12},"end":{"line":41,"column":13}},{"start":{"line":41,"column":4},"end":{"line":41,"column":13}}],"line":35},"2":{"loc":{"start":{"line":37,"column":12},"end":{"line":37,"column":null}},"type":"binary-expr","locations":[{"start":{"line":37,"column":12},"end":{"line":37,"column":14}},{"start":{"line":37,"column":12},"end":{"line":37,"column":null}}],"line":37}},"s":{"0":10,"1":10,"2":10,"3":1,"4":1,"5":1,"6":1},"f":{"0":1},"b":{"0":[1,9],"1":[2,8],"2":[2,2]},"meta":{"lastBranch":0,"lastFunction":0,"lastStatement":0,"seen":{}}}
,"C:\\Users\\fedib\\Documents\\projet-cv\\vue3-ui-kit\\src\\components\\Badge\\Badge.vue": {"path":"C:\\Users\\fedib\\Documents\\projet-cv\\vue3-ui-kit\\src\\components\\Badge\\Badge.vue","statementMap":{},"fnMap":{},"branchMap":{},"s":{},"f":{},"b":{},"meta":{"lastBranch":0,"lastFunction":0,"lastStatement":0,"seen":{}}}
,"C:\\Users\\fedib\\Documents\\projet-cv\\vue3-ui-kit\\src\\components\\Button\\Button.vue": {"path":"C:\\Users\\fedib\\Documents\\projet-cv\\vue3-ui-kit\\src\\components\\Button\\Button.vue","statementMap":{"0":{"start":{"line":12,"column":14},"end":{"line":12,"column":null}},"1":{"start":{"line":20,"column":13},"end":{"line":20,"column":null}},"2":{"start":{"line":24,"column":6},"end":{"line":32,"column":null}},"3":{"start":{"line":24,"column":37},"end":{"line":32,"column":1}},"4":{"start":{"line":34,"column":20},"end":{"line":38,"column":null}},"5":{"start":{"line":35,"column":2},"end":{"line":37,"column":null}},"6":{"start":{"line":36,"column":4},"end":{"line":36,"column":null}}},"fnMap":{"0":{"name":"(anonymous_0)","decl":{"start":{"line":24,"column":31},"end":{"line":24,"column":37}},"loc":{"start":{"line":24,"column":37},"end":{"line":32,"column":1}},"line":24},"1":{"name":"(anonymous_1)","decl":{"start":{"line":34,"column":20},"end":{"line":34,"column":21}},"loc":{"start":{"line":34,"column":43},"end":{"line":38,"column":null}},"line":34}},"branchMap":{"0":{"loc":{"start":{"line":29,"column":21},"end":{"line":29,"column":null}},"type":"binary-expr","locations":[{"start":{"line":29,"column":21},"end":{"line":29,"column":39}},{"start":{"line":29,"column":39},"end":{"line":29,"column":null}}],"line":29},"1":{"loc":{"start":{"line":35,"column":2},"end":{"line":37,"column":null}},"type":"if","locations":[{"start":{"line":35,"column":2},"end":{"line":37,"column":null}},{"start":{},"end":{}}],"line":35},"2":{"loc":{"start":{"line":35,"column":6},"end":{"line":35,"column":41}},"type":"binary-expr","locations":[{"start":{"line":35,"column":6},"end":{"line":35,"column":25}},{"start":{"line":35,"column":25},"end":{"line":35,"column":41}}],"line":35},"3":{"loc":{"start":{"line":45,"column":15},"end":{"line":45,"column":null}},"type":"binary-expr","locations":[{"start":{"line":45,"column":15},"end":{"line":45,"column":27}},{"start":{"line":45,"column":27},"end":{"line":45,"column":null}}],"line":45},"4":{"loc":{"start":{"line":48,"column":16},"end":{"line":48,"column":null}},"type":"cond-expr","locations":[{"start":{"line":48,"column":16},"end":{"line":48,"column":null}},{"start":{"line":48,"column":53},"end":{"line":48,"column":null}}],"line":48}},"s":{"0":7,"1":7,"2":7,"3":7,"4":7,"5":1,"6":1},"f":{"0":7,"1":1},"b":{"0":[7,6],"1":[1,0],"2":[1,1],"3":[7,6],"4":[2,5]},"meta":{"lastBranch":0,"lastFunction":0,"lastStatement":0,"seen":{}}}
,"C:\\Users\\fedib\\Documents\\projet-cv\\vue3-ui-kit\\src\\components\\Card\\Card.vue": {"path":"C:\\Users\\fedib\\Documents\\projet-cv\\vue3-ui-kit\\src\\components\\Card\\Card.vue","statementMap":{"0":{"start":{"line":27,"column":9},"end":{"line":27,"column":null}}},"fnMap":{},"branchMap":{"0":{"loc":{"start":{"line":24,"column":15},"end":{"line":25,"column":null}},"type":"cond-expr","locations":[{"start":{"line":24,"column":22},"end":{"line":25,"column":null}},{"start":{"line":25,"column":28},"end":{"line":25,"column":null}}],"line":24},"1":{"loc":{"start":{"line":30,"column":15},"end":{"line":31,"column":null}},"type":"cond-expr","locations":[{"start":{"line":30,"column":22},"end":{"line":31,"column":null}},{"start":{"line":31,"column":28},"end":{"line":31,"column":null}}],"line":30}},"s":{"0":1},"f":{},"b":{"0":[1,5],"1":[1,5]},"meta":{"lastBranch":0,"lastFunction":0,"lastStatement":0,"seen":{}}}
,"C:\\Users\\fedib\\Documents\\projet-cv\\vue3-ui-kit\\src\\components\\Input\\Input.vue": {"path":"C:\\Users\\fedib\\Documents\\projet-cv\\vue3-ui-kit\\src\\components\\Input\\Input.vue","statementMap":{"0":{"start":{"line":15,"column":14},"end":{"line":15,"column":null}},"1":{"start":{"line":22,"column":13},"end":{"line":22,"column":null}},"2":{"start":{"line":28,"column":6},"end":{"line":28,"column":null}},"3":{"start":{"line":30,"column":6},"end":{"line":38,"column":null}},"4":{"start":{"line":30,"column":36},"end":{"line":38,"column":1}},"5":{"start":{"line":40,"column":20},"end":{"line":43,"column":null}},"6":{"start":{"line":41,"column":17},"end":{"line":41,"column":null}},"7":{"start":{"line":42,"column":2},"end":{"line":42,"column":null}},"8":{"start":{"line":45,"column":20},"end":{"line":48,"column":null}},"9":{"start":{"line":46,"column":2},"end":{"line":46,"column":null}},"10":{"start":{"line":47,"column":2},"end":{"line":47,"column":null}},"11":{"start":{"line":50,"column":19},"end":{"line":53,"column":null}},"12":{"start":{"line":51,"column":2},"end":{"line":51,"column":null}},"13":{"start":{"line":52,"column":2},"end":{"line":52,"column":null}},"14":{"start":{"line":57,"column":7},"end":{"line":57,"column":null}}},"fnMap":{"0":{"name":"(anonymous_0)","decl":{"start":{"line":30,"column":30},"end":{"line":30,"column":36}},"loc":{"start":{"line":30,"column":36},"end":{"line":38,"column":1}},"line":30},"1":{"name":"(anonymous_1)","decl":{"start":{"line":40,"column":20},"end":{"line":40,"column":21}},"loc":{"start":{"line":40,"column":38},"end":{"line":43,"column":null}},"line":40},"2":{"name":"(anonymous_2)","decl":{"start":{"line":45,"column":20},"end":{"line":45,"column":21}},"loc":{"start":{"line":45,"column":43},"end":{"line":48,"column":null}},"line":45},"3":{"name":"(anonymous_3)","decl":{"start":{"line":50,"column":19},"end":{"line":50,"column":20}},"loc":{"start":{"line":50,"column":42},"end":{"line":53,"column":null}},"line":50}},"branchMap":{"0":{"loc":{"start":{"line":60,"column":18},"end":{"line":60,"column":59}},"type":"cond-expr","locations":[{"start":{"line":60,"column":18},"end":{"line":60,"column":59}},{"start":{"line":60,"column":52},"end":{"line":60,"column":59}}],"line":60},"1":{"loc":{"start":{"line":73,"column":16},"end":{"line":73,"column":61}},"type":"cond-expr","locations":[{"start":{"line":73,"column":16},"end":{"line":73,"column":61}},{"start":{"line":73,"column":51},"end":{"line":73,"column":61}}],"line":73}},"s":{"0":7,"1":7,"2":7,"3":7,"4":7,"5":7,"6":1,"7":1,"8":7,"9":0,"10":0,"11":7,"12":0,"13":0,"14":1},"f":{"0":7,"1":1,"2":0,"3":0},"b":{"0":[1,1],"1":[2,5]},"meta":{"lastBranch":0,"lastFunction":0,"lastStatement":0,"seen":{}}}
,"C:\\Users\\fedib\\Documents\\projet-cv\\vue3-ui-kit\\src\\components\\Modal\\Modal.vue": {"path":"C:\\Users\\fedib\\Documents\\projet-cv\\vue3-ui-kit\\src\\components\\Modal\\Modal.vue","statementMap":{"0":{"start":{"line":12,"column":14},"end":{"line":12,"column":null}},"1":{"start":{"line":18,"column":13},"end":{"line":18,"column":null}},"2":{"start":{"line":23,"column":14},"end":{"line":26,"column":null}},"3":{"start":{"line":24,"column":2},"end":{"line":24,"column":null}},"4":{"start":{"line":25,"column":2},"end":{"line":25,"column":null}},"5":{"start":{"line":28,"column":27},"end":{"line":32,"column":null}},"6":{"start":{"line":29,"column":2},"end":{"line":31,"column":null}},"7":{"start":{"line":30,"column":4},"end":{"line":30,"column":null}},"8":{"start":{"line":34,"column":21},"end":{"line":38,"column":null}},"9":{"start":{"line":35,"column":2},"end":{"line":37,"column":null}},"10":{"start":{"line":36,"column":4},"end":{"line":36,"column":null}},"11":{"start":{"line":40,"column":0},"end":{"line":46,"column":null}},"12":{"start":{"line":40,"column":12},"end":{"line":40,"column":30}},"13":{"start":{"line":41,"column":2},"end":{"line":45,"column":null}},"14":{"start":{"line":42,"column":4},"end":{"line":42,"column":null}},"15":{"start":{"line":44,"column":4},"end":{"line":44,"column":null}},"16":{"start":{"line":48,"column":0},"end":{"line":50,"column":null}},"17":{"start":{"line":49,"column":2},"end":{"line":49,"column":null}},"18":{"start":{"line":52,"column":0},"end":{"line":55,"column":null}},"19":{"start":{"line":53,"column":2},"end":{"line":53,"column":null}},"20":{"start":{"line":54,"column":2},"end":{"line":54,"column":null}},"21":{"start":{"line":80,"column":15},"end":{"line":80,"column":null}}},"fnMap":{"0":{"name":"(anonymous_0)","decl":{"start":{"line":23,"column":14},"end":{"line":23,"column":20}},"loc":{"start":{"line":23,"column":20},"end":{"line":26,"column":null}},"line":23},"1":{"name":"(anonymous_1)","decl":{"start":{"line":28,"column":27},"end":{"line":28,"column":33}},"loc":{"start":{"line":28,"column":33},"end":{"line":32,"column":null}},"line":28},"2":{"name":"(anonymous_2)","decl":{"start":{"line":34,"column":21},"end":{"line":34,"column":22}},"loc":{"start":{"line":34,"column":47},"end":{"line":38,"column":null}},"line":34},"3":{"name":"(anonymous_3)","decl":{"start":{"line":40,"column":6},"end":{"line":40,"column":12}},"loc":{"start":{"line":40,"column":12},"end":{"line":40,"column":30}},"line":40},"4":{"name":"(anonymous_4)","decl":{"start":{"line":40,"column":30},"end":{"line":40,"column":31}},"loc":{"start":{"line":40,"column":42},"end":{"line":46,"column":1}},"line":40},"5":{"name":"(anonymous_5)","decl":{"start":{"line":48,"column":10},"end":{"line":48,"column":16}},"loc":{"start":{"line":48,"column":16},"end":{"line":50,"column":1}},"line":48},"6":{"name":"(anonymous_6)","decl":{"start":{"line":52,"column":12},"end":{"line":52,"column":18}},"loc":{"start":{"line":52,"column":18},"end":{"line":55,"column":1}},"line":52},"7":{"name":"(anonymous_7)","decl":{"start":{"line":64,"column":10},"end":{"line":64,"column":11}},"loc":{"start":{"line":64,"column":10},"end":{"line":64,"column":11}},"line":64}},"branchMap":{"0":{"loc":{"start":{"line":29,"column":2},"end":{"line":31,"column":null}},"type":"if","locations":[{"start":{"line":29,"column":2},"end":{"line":31,"column":null}},{"start":{},"end":{}}],"line":29},"1":{"loc":{"start":{"line":35,"column":2},"end":{"line":37,"column":null}},"type":"if","locations":[{"start":{"line":35,"column":2},"end":{"line":37,"column":null}},{"start":{},"end":{}}],"line":35},"2":{"loc":{"start":{"line":35,"column":6},"end":{"line":35,"column":50}},"type":"binary-expr","locations":[{"start":{"line":35,"column":6},"end":{"line":35,"column":32}},{"start":{"line":35,"column":32},"end":{"line":35,"column":50}}],"line":35},"3":{"loc":{"start":{"line":41,"column":2},"end":{"line":45,"column":null}},"type":"if","locations":[{"start":{"line":41,"column":2},"end":{"line":45,"column":null}},{"start":{"line":43,"column":9},"end":{"line":45,"column":null}}],"line":41},"4":{"loc":{"start":{"line":64,"column":16},"end":{"line":64,"column":null}},"type":"binary-expr","locations":[{"start":{"line":64,"column":16},"end":{"line":64,"column":21}},{"start":{"line":64,"column":16},"end":{"line":64,"column":null}}],"line":64},"5":{"loc":{"start":{"line":68,"column":21},"end":{"line":68,"column":47}},"type":"binary-expr","locations":[{"start":{"line":68,"column":21},"end":{"line":68,"column":30}},{"start":{"line":68,"column":30},"end":{"line":68,"column":47}}],"line":68},"6":{"loc":{"start":{"line":69,"column":22},"end":{"line":69,"column":66}},"type":"cond-expr","locations":[{"start":{"line":69,"column":22},"end":{"line":69,"column":66}},{"start":{"line":69,"column":58},"end":{"line":69,"column":66}}],"line":69},"7":{"loc":{"start":{"line":71,"column":20},"end":{"line":77,"column":21}},"type":"cond-expr","locations":[{"start":{"line":71,"column":20},"end":{"line":77,"column":21}},{"start":{"line":77,"column":12},"end":{"line":77,"column":21}}],"line":71},"8":{"loc":{"start":{"line":84,"column":21},"end":{"line":85,"column":null}},"type":"cond-expr","locations":[{"start":{"line":84,"column":28},"end":{"line":85,"column":null}},{"start":{"line":85,"column":34},"end":{"line":85,"column":null}}],"line":84}},"s":{"0":6,"1":6,"2":6,"3":1,"4":1,"5":6,"6":0,"7":0,"8":6,"9":0,"10":0,"11":6,"12":6,"13":0,"14":0,"15":0,"16":6,"17":6,"18":6,"19":6,"20":6,"21":1},"f":{"0":1,"1":0,"2":0,"3":6,"4":0,"5":6,"6":6,"7":1},"b":{"0":[0,0],"1":[0,0],"2":[0,0],"3":[0,0],"4":[5,5],"5":[5,4],"6":[1,4],"7":[5,0],"8":[0,5]},"meta":{"lastBranch":0,"lastFunction":0,"lastStatement":0,"seen":{}}}
}
